2020-01-06 02:21:10 [ThreadId 3] ERROR phoityne - "error: Variable not in scope: x"
2020-01-06 02:21:11 [ThreadId 3] ERROR phoityne - "error: Variable not in scope: x"
2020-01-06 02:21:13 [ThreadId 3] ERROR phoityne - "error: Variable not in scope: x"
2020-01-06 02:21:14 [ThreadId 3] ERROR phoityne - "error: Variable not in scope: x"
2020-01-06 02:21:16 [ThreadId 3] ERROR phoityne - "error: Variable not in scope: x"
2020-01-06 02:21:16 [ThreadId 3] ERROR phoityne - "error: Variable not in scope: x"
2020-01-06 02:21:18 [ThreadId 3] ERROR phoityne - "error: Variable not in scope: x"
2020-01-06 02:21:20 [ThreadId 3] ERROR phoityne - "error: Variable not in scope: x"
2020-01-06 02:21:20 [ThreadId 3] ERROR phoityne - "\"extractBindingBindingDatas\" (line 17, column 1):\nunexpected end of input\nexpecting \" ::\" [INPUT]\n<interactive>:1:1: error:\n    * No instance for (Show a) arising from a use of `show'\n      Cannot resolve unknown runtime type `a'\n      Use :print or :force to determine these types\n      These potential instances exist:\n        instance Show Ordering -- Defined in `GHC.Show'\n        instance Show Integer -- Defined in `GHC.Show'\n        instance [safe] Show AlloyExpr\n          -- Defined at C:\\\\temp\\AlloyHaskellTranslator\\src\\Alloy.hs:16:15\n        ...plus 34 others\n        ...plus 18 instances involving out-of-scope types\n        (use -fprint-potential-instances to see them all)\n    * In the expression: show showme\n      In an equation for `_compileParsedExpr':\n          _compileParsedExpr = show showme\n"
2020-01-06 02:21:21 [ThreadId 3] ERROR phoityne - "\"extractSourcePosition\" (line 2, column 6):\nunexpected end of input\nexpecting \"Stopped at \" or \"Stopped in \" [INPUT][]\nH>>= "
2020-01-17 10:18:08 [ThreadId 3] ERROR phoityne - "error: Variable not in scope: x"
2020-01-17 10:18:39 [ThreadId 3] ERROR phoityne - "error: Variable not in scope: x"
2020-01-17 10:18:46 [ThreadId 3] ERROR phoityne - "error: Variable not in scope: x"
2020-01-17 10:18:49 [ThreadId 3] ERROR phoityne - "error: Variable not in scope: x"
2020-01-17 10:18:49 [ThreadId 3] ERROR phoityne - "error: Variable not in scope: program1"
2020-01-17 10:18:49 [ThreadId 3] ERROR phoityne - "error: Variable not in scope: x"
2020-01-17 10:18:49 [ThreadId 3] ERROR phoityne - "error: Variable not in scope: program1"
2020-01-17 10:18:55 [ThreadId 3] ERROR phoityne - "error: Variable not in scope: x"
2020-01-17 10:21:16 [ThreadId 3] ERROR phoityne - "error: Variable not in scope: x"
2020-01-17 10:21:21 [ThreadId 3] ERROR phoityne - "error: Variable not in scope: x"
2020-01-17 10:21:38 [ThreadId 3] ERROR phoityne - "error: Variable not in scope: x"
2020-01-17 10:22:21 [ThreadId 3] ERROR phoityne - "error: Variable not in scope: x"
2020-01-17 10:22:58 [ThreadId 3] ERROR phoityne - "error: Variable not in scope: x"
2020-01-17 10:29:52 [ThreadId 3] ERROR phoityne - "error: Variable not in scope: x"
2020-01-17 10:29:59 [ThreadId 3] ERROR phoityne - "error: Variable not in scope: x"
2020-01-17 10:30:13 [ThreadId 3] ERROR phoityne - "error: Variable not in scope: x"
2020-01-17 10:31:16 [ThreadId 3] ERROR phoityne - "error: Variable not in scope: x"
2020-01-17 10:31:35 [ThreadId 3] ERROR phoityne - "error: Variable not in scope: x"
2020-01-17 10:31:53 [ThreadId 3] ERROR phoityne - "error: Variable not in scope: x"
2020-01-17 10:31:59 [ThreadId 3] ERROR phoityne - "error: Variable not in scope: x"
2020-01-17 10:32:11 [ThreadId 3] ERROR phoityne - "error: Variable not in scope: x"
2020-01-17 10:33:07 [ThreadId 3] ERROR phoityne - "error: Variable not in scope: x"
2020-01-17 10:40:38 [ThreadId 3] ERROR phoityne - "error: Variable not in scope: x"
2020-01-17 10:40:44 [ThreadId 3] ERROR phoityne - "error: Variable not in scope: x"
2020-01-17 10:41:03 [ThreadId 3] ERROR phoityne - "error: Variable not in scope: x"
2020-01-17 10:41:32 [ThreadId 3] ERROR phoityne - "error: Variable not in scope: x"
2020-01-17 10:41:38 [ThreadId 3] ERROR phoityne - "error: Variable not in scope: x"
2020-01-17 10:41:43 [ThreadId 3] ERROR phoityne - "error: Variable not in scope: x"
2020-01-17 10:42:26 [ThreadId 3] ERROR phoityne - "error: Variable not in scope: x"
2020-01-17 10:42:26 [ThreadId 3] ERROR phoityne - "error: Variable not in scope: x"
2020-01-17 10:42:26 [ThreadId 3] ERROR phoityne - "error: Variable not in scope: x"
2020-01-17 10:52:38 [ThreadId 3] ERROR phoityne - "error: Variable not in scope: x"
2020-01-17 10:53:09 [ThreadId 3] ERROR phoityne - "error: Variable not in scope: x"
2020-01-17 10:53:19 [ThreadId 3] ERROR phoityne - "error: Variable not in scope: x"
2020-01-17 10:53:26 [ThreadId 3] ERROR phoityne - "error: Variable not in scope: x"
2020-01-17 10:53:51 [ThreadId 3] ERROR phoityne - "error: Variable not in scope: x"
2020-01-17 10:53:57 [ThreadId 3] ERROR phoityne - "error: Variable not in scope: x"
2020-01-17 10:54:06 [ThreadId 3] ERROR phoityne - "error: Variable not in scope: x"
2020-01-17 10:56:03 [ThreadId 3] ERROR phoityne - "error: Variable not in scope: x"
2020-01-17 10:56:34 [ThreadId 3] ERROR phoityne - "error: Variable not in scope: x"
2020-01-17 10:56:40 [ThreadId 3] ERROR phoityne - "error: Variable not in scope: x"
2020-01-17 10:56:42 [ThreadId 3] ERROR phoityne - "error: Variable not in scope: x"
2020-01-17 11:03:20 [ThreadId 3] ERROR phoityne - "error: Variable not in scope: x"
2020-01-17 11:03:29 [ThreadId 3] ERROR phoityne - "error: Variable not in scope: existsOne"
2020-01-17 11:03:38 [ThreadId 3] ERROR phoityne - "error: Variable not in scope: x"
2020-01-17 11:03:49 [ThreadId 3] ERROR phoityne - "error: * Variable not in scope: program1 * Perhaps you meant one of these: `Ghci1.program2' (imported from Ghci1), `program2' (<no location info>)"
2020-01-17 11:04:00 [ThreadId 3] ERROR phoityne - "error: Variable not in scope: x"
2020-01-17 11:04:18 [ThreadId 3] ERROR phoityne - "error: Variable not in scope: x"
2020-01-17 11:04:36 [ThreadId 3] ERROR phoityne - "error: Variable not in scope: x"
2020-01-17 11:04:44 [ThreadId 3] ERROR phoityne - "error: Variable not in scope: x"
2020-01-17 11:04:53 [ThreadId 3] ERROR phoityne - "error: Variable not in scope: x"
2020-01-17 11:04:56 [ThreadId 3] ERROR phoityne - "error: Variable not in scope: x"
2020-01-17 11:05:16 [ThreadId 3] ERROR phoityne - "error: Variable not in scope: x"
2020-01-17 11:05:26 [ThreadId 3] ERROR phoityne - "error: Variable not in scope: x"
2020-01-17 11:05:35 [ThreadId 3] ERROR phoityne - "error: Variable not in scope: x"
2020-01-17 11:05:35 [ThreadId 3] ERROR phoityne - "error: parse error on input `->'"
2020-01-17 11:06:21 [ThreadId 3] ERROR phoityne - "error: Variable not in scope: x"
2020-01-17 11:08:24 [ThreadId 3] ERROR phoityne - "error: Variable not in scope: x"
2020-01-17 11:08:29 [ThreadId 3] ERROR phoityne - "error: Variable not in scope: x"
2020-01-17 11:08:53 [ThreadId 3] ERROR phoityne - "error: Variable not in scope: x"
2020-01-17 11:09:41 [ThreadId 3] ERROR phoityne - "error: Variable not in scope: x"
2020-01-17 11:09:45 [ThreadId 3] ERROR phoityne - "error: Variable not in scope: x"
2020-01-17 11:10:09 [ThreadId 3] ERROR phoityne - "error: Variable not in scope: x"
2020-01-17 11:11:43 [ThreadId 3] ERROR phoityne - "error: Variable not in scope: x"
2020-01-17 11:11:49 [ThreadId 3] ERROR phoityne - "error: Variable not in scope: x"
2020-01-17 11:11:54 [ThreadId 3] ERROR phoityne - "error: Variable not in scope: x"
2020-01-17 11:12:08 [ThreadId 3] ERROR phoityne - "error: Variable not in scope: x"
2020-01-17 11:12:19 [ThreadId 3] ERROR phoityne - "error: Variable not in scope: x"
2020-01-17 11:12:29 [ThreadId 3] ERROR phoityne - "error: Variable not in scope: x"
2020-01-17 11:12:56 [ThreadId 3] ERROR phoityne - "error: Variable not in scope: x"
2020-01-17 11:12:56 [ThreadId 3] ERROR phoityne - "error: Variable not in scope: x"
2020-01-17 11:17:17 [ThreadId 3] ERROR phoityne - "error: Variable not in scope: x"
2020-01-17 11:17:25 [ThreadId 3] ERROR phoityne - "error: Variable not in scope: x"
2020-01-17 11:17:28 [ThreadId 3] ERROR phoityne - "error: Variable not in scope: x"
2020-01-17 11:17:35 [ThreadId 3] ERROR phoityne - "error: Variable not in scope: x"
2020-01-17 11:17:43 [ThreadId 3] ERROR phoityne - "error: Variable not in scope: x"
2020-01-17 11:17:45 [ThreadId 3] ERROR phoityne - "error: Variable not in scope: x"
2020-01-17 11:17:49 [ThreadId 3] ERROR phoityne - "error: Variable not in scope: x"
2020-01-17 11:17:51 [ThreadId 3] ERROR phoityne - "error: Variable not in scope: x"
2020-01-17 11:17:53 [ThreadId 3] ERROR phoityne - "error: Variable not in scope: x"
2020-01-17 11:26:55 [ThreadId 3] ERROR phoityne - "error: Variable not in scope: x"
2020-01-17 11:27:02 [ThreadId 3] ERROR phoityne - "error: Variable not in scope: x"
2020-01-17 11:27:15 [ThreadId 3] ERROR phoityne - "error: Variable not in scope: x"
2020-01-17 11:30:23 [ThreadId 3] ERROR phoityne - "error: Variable not in scope: x"
2020-01-17 11:30:35 [ThreadId 3] ERROR phoityne - "error: Variable not in scope: x"
2020-01-17 11:30:42 [ThreadId 3] ERROR phoityne - "error: parse error on input `import'"
2020-01-17 11:31:57 [ThreadId 3] ERROR phoityne - "error: Variable not in scope: x"
2020-01-17 11:32:04 [ThreadId 3] ERROR phoityne - "error: Variable not in scope: x"
2020-01-17 11:36:37 [ThreadId 3] ERROR phoityne - [disconnectRequestHandler] ghci quit error. <file descriptor: 5>: hPutChar: resource vanished (Broken pipe)
2020-01-17 11:39:17 [ThreadId 3] ERROR phoityne - "error: Variable not in scope: x"
2020-01-17 11:39:26 [ThreadId 3] ERROR phoityne - "error: Variable not in scope: x"
2020-01-17 11:40:48 [ThreadId 3] ERROR phoityne - "error: Variable not in scope: x"
2020-01-17 11:40:53 [ThreadId 3] ERROR phoityne - "error: Variable not in scope: x"
2020-01-17 11:41:04 [ThreadId 3] ERROR phoityne - "error: Variable not in scope: x"
2020-01-17 11:41:42 [ThreadId 3] ERROR phoityne - "error: * Data constructor not in scope: Sig * Perhaps you meant variable `sig' (line 25)"
2020-01-17 11:45:25 [ThreadId 3] ERROR phoityne - "error: Variable not in scope: x"
2020-01-17 11:45:37 [ThreadId 3] ERROR phoityne - "error: * Variable not in scope: program4 * Perhaps you meant `program1' (<no location info>)"
2020-01-17 11:46:01 [ThreadId 3] ERROR phoityne - [disconnectRequestHandler] ghci quit error. <file descriptor: 5>: hPutChar: resource vanished (Broken pipe)
